0 info it worked if it ends with ok
1 verbose cli [ 'C:\\RAVI\\Tools\\nodejs\\node.exe',
1 verbose cli   'C:\\RAVI\\Tools\\nodejs\\node_modules\\npm\\bin\\npm-cli.js',
1 verbose cli   'start' ]
2 info using npm@3.10.10
3 info using node@v6.10.0
4 verbose run-script [ 'prestart', 'start', 'poststart' ]
5 info lifecycle tc-web@1.0.0~prestart: tc-web@1.0.0
6 verbose lifecycle tc-web@1.0.0~prestart: unsafe-perm in lifecycle true
7 verbose lifecycle tc-web@1.0.0~prestart: PATH: C:\RAVI\Tools\nodejs\node_modules\npm\bin\node-gyp-bin;C:\RAVI\GIT\TC\tc-web\node_modules\.bin;C:\RAVI\Tools\oracle\app\oracle\product\11.2.0\server\bin;;C:\Oracle\product\11.2.0\client_1\bin;C:\WINDOWS\system32;C:\WINDOWS;C:\WINDOWS\System32\Wbem;C:\WINDOWS\System32\WindowsPowerShell\v1.0\;C:\WINDOWS\System32\WindowsPowerShell\v1.0\;C:\Program Files\VanDyke Software\Clients\;C:\RAVI\Tools\Java8\bin;C:\RAVI\Tools\apache-maven-3.3.9\bin;C:\Tools\Git\cmd;C:\RAVI\Tools\Git\cmd;C:\Program Files\TortoiseSVN\bin;C:\RAVI\Tools\nodejs\;C:\Program Files\MongoDB\Server\3.4\bin;C:\RAVI\Tools\gradle-4.0\bin;;C:\WINDOWS\System32\WindowsPowerShell\v1.0\;C:\Users\ONC50886\AppData\Roaming\npm;C:\RAVI\Tools\Microsoft VS Code\bin
8 verbose lifecycle tc-web@1.0.0~prestart: CWD: C:\RAVI\GIT\TC\tc-web
9 silly lifecycle tc-web@1.0.0~prestart: Args: [ '/d /s /c', 'npm run build' ]
10 silly lifecycle tc-web@1.0.0~prestart: Returned: code: 0  signal: null
11 info lifecycle tc-web@1.0.0~start: tc-web@1.0.0
12 verbose lifecycle tc-web@1.0.0~start: unsafe-perm in lifecycle true
13 verbose lifecycle tc-web@1.0.0~start: PATH: C:\RAVI\Tools\nodejs\node_modules\npm\bin\node-gyp-bin;C:\RAVI\GIT\TC\tc-web\node_modules\.bin;C:\RAVI\Tools\oracle\app\oracle\product\11.2.0\server\bin;;C:\Oracle\product\11.2.0\client_1\bin;C:\WINDOWS\system32;C:\WINDOWS;C:\WINDOWS\System32\Wbem;C:\WINDOWS\System32\WindowsPowerShell\v1.0\;C:\WINDOWS\System32\WindowsPowerShell\v1.0\;C:\Program Files\VanDyke Software\Clients\;C:\RAVI\Tools\Java8\bin;C:\RAVI\Tools\apache-maven-3.3.9\bin;C:\Tools\Git\cmd;C:\RAVI\Tools\Git\cmd;C:\Program Files\TortoiseSVN\bin;C:\RAVI\Tools\nodejs\;C:\Program Files\MongoDB\Server\3.4\bin;C:\RAVI\Tools\gradle-4.0\bin;;C:\WINDOWS\System32\WindowsPowerShell\v1.0\;C:\Users\ONC50886\AppData\Roaming\npm;C:\RAVI\Tools\Microsoft VS Code\bin
14 verbose lifecycle tc-web@1.0.0~start: CWD: C:\RAVI\GIT\TC\tc-web
15 silly lifecycle tc-web@1.0.0~start: Args: [ '/d /s /c',
15 silly lifecycle   'concurrently "npm run build:watch" "npm run serve"' ]
16 verbose stack Error: kill ENOSYS
16 verbose stack     at exports._errnoException (util.js:1022:11)
16 verbose stack     at process.kill (internal/process.js:172:13)
16 verbose stack     at process.listener (C:\RAVI\Tools\nodejs\node_modules\npm\node_modules\npmlog\node_modules\gauge\node_modules\signal-exit\index.js:86:15)
16 verbose stack     at emitNone (events.js:91:20)
16 verbose stack     at process.emit (events.js:185:7)
16 verbose stack     at processEmit (C:\RAVI\Tools\nodejs\node_modules\npm\node_modules\npmlog\node_modules\gauge\node_modules\signal-exit\index.js:146:32)
16 verbose stack     at processEmit (C:\RAVI\Tools\nodejs\node_modules\npm\node_modules\npm-registry-client\node_modules\npmlog\node_modules\gauge\node_modules\signal-exit\index.js:146:32)
16 verbose stack     at Signal.wrap.onsignal (internal/process.js:199:44)
17 verbose cwd C:\RAVI\GIT\TC\tc-web
18 error Windows_NT 6.1.7601
19 error argv "C:\\RAVI\\Tools\\nodejs\\node.exe" "C:\\RAVI\\Tools\\nodejs\\node_modules\\npm\\bin\\npm-cli.js" "start"
20 error node v6.10.0
21 error npm  v3.10.10
22 error code ENOSYS
23 error errno ENOSYS
24 error syscall kill
25 error kill ENOSYS
26 error If you need help, you may report this error at:
26 error     <https://github.com/npm/npm/issues>
27 verbose exit [ 1, true ]
